# JRE version: Java(TM) SE Runtime Environment (8.0_77-b03) (build 1.8.0_77-b03)
# Java VM: Java HotSpot(TM) 64-Bit Server VM (25.77-b03 mixed mode linux-amd64 compressed oops)
Heap:
 PSYoungGen      total 206336K, used 113073K [0x00000000eab00000, 0x00000000fcf80000, 0x0000000100000000)
  eden space 191488K, 59% used [0x00000000eab00000,0x00000000f196c520,0x00000000f6600000)
  from space 14848K, 0% used [0x00000000fc100000,0x00000000fc100000,0x00000000fcf80000)
  to   space 21504K, 0% used [0x00000000fa580000,0x00000000fa580000,0x00000000fba80000)
 ParOldGen       total 361984K, used 17370K [0x00000000c0000000, 0x00000000d6180000, 0x00000000eab00000)
  object space 361984K, 4% used [0x00000000c0000000,0x00000000c10f6878,0x00000000d6180000)
 Metaspace       used 40889K, capacity 41296K, committed 41640K, reserved 1083392K
  class space    used 7677K, capacity 7744K, committed 7848K, reserved 1048576K
GC Heap History (8 events):
Event: 1,323 GC heap before
{Heap before GC invocations=1 (full 0):
 PSYoungGen      total 153088K, used 87396K [0x00000000eab00000, 0x00000000f5580000, 0x0000000100000000)
  eden space 131584K, 66% used [0x00000000eab00000,0x00000000f0059308,0x00000000f2b80000)
  from space 21504K, 0% used [0x00000000f4080000,0x00000000f4080000,0x00000000f5580000)
  to   space 21504K, 0% used [0x00000000f2b80000,0x00000000f2b80000,0x00000000f4080000)
 ParOldGen       total 349696K, used 0K [0x00000000c0000000, 0x00000000d5580000, 0x00000000eab00000)
  object space 349696K, 0% used [0x00000000c0000000,0x00000000c0000000,0x00000000d5580000)
 Metaspace       used 20853K, capacity 21162K, committed 21296K, reserved 1067008K
  class space    used 3567K, capacity 3640K, committed 3712K, reserved 1048576K
Event: 1,337 GC heap after
Heap after GC invocations=1 (full 0):
 PSYoungGen      total 153088K, used 15504K [0x00000000eab00000, 0x00000000fd600000, 0x0000000100000000)
  eden space 131584K, 0% used [0x00000000eab00000,0x00000000eab00000,0x00000000f2b80000)
  from space 21504K, 72% used [0x00000000f2b80000,0x00000000f3aa40f0,0x00000000f4080000)
  to   space 21504K, 0% used [0x00000000fc100000,0x00000000fc100000,0x00000000fd600000)
 ParOldGen       total 349696K, used 16K [0x00000000c0000000, 0x00000000d5580000, 0x00000000eab00000)
  object space 349696K, 0% used [0x00000000c0000000,0x00000000c0004000,0x00000000d5580000)
 Metaspace       used 20853K, capacity 21162K, committed 21296K, reserved 1067008K
  class space    used 3567K, capacity 3640K, committed 3712K, reserved 1048576K
}
Event: 1,337 GC heap before
{Heap before GC invocations=2 (full 1):
 PSYoungGen      total 153088K, used 15504K [0x00000000eab00000, 0x00000000fd600000, 0x0000000100000000)
  eden space 131584K, 0% used [0x00000000eab00000,0x00000000eab00000,0x00000000f2b80000)
  from space 21504K, 72% used [0x00000000f2b80000,0x00000000f3aa40f0,0x00000000f4080000)
  to   space 21504K, 0% used [0x00000000fc100000,0x00000000fc100000,0x00000000fd600000)
 ParOldGen       total 349696K, used 16K [0x00000000c0000000, 0x00000000d5580000, 0x00000000eab00000)
  object space 349696K, 0% used [0x00000000c0000000,0x00000000c0004000,0x00000000d5580000)
 Metaspace       used 20853K, capacity 21162K, committed 21296K, reserved 1067008K
  class space    used 3567K, capacity 3640K, committed 3712K, reserved 1048576K
Event: 1,362 GC heap after
Heap after GC invocations=2 (full 1):
 PSYoungGen      total 153088K, used 0K [0x00000000eab00000, 0x00000000fd600000, 0x0000000100000000)
  eden space 131584K, 0% used [0x00000000eab00000,0x00000000eab00000,0x00000000f2b80000)
  from space 21504K, 0% used [0x00000000f2b80000,0x00000000f2b80000,0x00000000f4080000)
  to   space 21504K, 0% used [0x00000000fc100000,0x00000000fc100000,0x00000000fd600000)
 ParOldGen       total 349696K, used 14626K [0x00000000c0000000, 0x00000000d5580000, 0x00000000eab00000)
  object space 349696K, 4% used [0x00000000c0000000,0x00000000c0e48940,0x00000000d5580000)
 Metaspace       used 20853K, capacity 21162K, committed 21296K, reserved 1067008K
  class space    used 3567K, capacity 3640K, committed 3712K, reserved 1048576K
}
Event: 2,585 GC heap before
{Heap before GC invocations=3 (full 1):
 PSYoungGen      total 153088K, used 105915K [0x00000000eab00000, 0x00000000fd600000, 0x0000000100000000)
  eden space 131584K, 80% used [0x00000000eab00000,0x00000000f126ed80,0x00000000f2b80000)
  from space 21504K, 0% used [0x00000000f2b80000,0x00000000f2b80000,0x00000000f4080000)
  to   space 21504K, 0% used [0x00000000fc100000,0x00000000fc100000,0x00000000fd600000)
 ParOldGen       total 349696K, used 14626K [0x00000000c0000000, 0x00000000d5580000, 0x00000000eab00000)
  object space 349696K, 4% used [0x00000000c0000000,0x00000000c0e48940,0x00000000d5580000)
 Metaspace       used 35105K, capacity 35406K, committed 35496K, reserved 1079296K
  class space    used 6184K, capacity 6274K, committed 6312K, reserved 1048576K
Event: 2,612 GC heap after
Heap after GC invocations=3 (full 1):
 PSYoungGen      total 206336K, used 14446K [0x00000000eab00000, 0x00000000fcf80000, 0x0000000100000000)
  eden space 191488K, 0% used [0x00000000eab00000,0x00000000eab00000,0x00000000f6600000)
  from space 14848K, 97% used [0x00000000fc100000,0x00000000fcf1bab0,0x00000000fcf80000)
  to   space 21504K, 0% used [0x00000000fa580000,0x00000000fa580000,0x00000000fba80000)
 ParOldGen       total 349696K, used 14634K [0x00000000c0000000, 0x00000000d5580000, 0x00000000eab00000)
  object space 349696K, 4% used [0x00000000c0000000,0x00000000c0e4a940,0x00000000d5580000)
 Metaspace       used 35105K, capacity 35406K, committed 35496K, reserved 1079296K
  class space    used 6184K, capacity 6274K, committed 6312K, reserved 1048576K
}
Event: 2,612 GC heap before
{Heap before GC invocations=4 (full 2):
 PSYoungGen      total 206336K, used 14446K [0x00000000eab00000, 0x00000000fcf80000, 0x0000000100000000)
  eden space 191488K, 0% used [0x00000000eab00000,0x00000000eab00000,0x00000000f6600000)
  from space 14848K, 97% used [0x00000000fc100000,0x00000000fcf1bab0,0x00000000fcf80000)
  to   space 21504K, 0% used [0x00000000fa580000,0x00000000fa580000,0x00000000fba80000)
 ParOldGen       total 349696K, used 14634K [0x00000000c0000000, 0x00000000d5580000, 0x00000000eab00000)
  object space 349696K, 4% used [0x00000000c0000000,0x00000000c0e4a940,0x00000000d5580000)
 Metaspace       used 35105K, capacity 35406K, committed 35496K, reserved 1079296K
  class space    used 6184K, capacity 6274K, committed 6312K, reserved 1048576K
Event: 2,645 GC heap after
Heap after GC invocations=4 (full 2):
 PSYoungGen      total 206336K, used 0K [0x00000000eab00000, 0x00000000fcf80000, 0x0000000100000000)
  eden space 191488K, 0% used [0x00000000eab00000,0x00000000eab00000,0x00000000f6600000)
  from space 14848K, 0% used [0x00000000fc100000,0x00000000fc100000,0x00000000fcf80000)
  to   space 21504K, 0% used [0x00000000fa580000,0x00000000fa580000,0x00000000fba80000)
 ParOldGen       total 361984K, used 17370K [0x00000000c0000000, 0x00000000d6180000, 0x00000000eab00000)
  object space 361984K, 4% used [0x00000000c0000000,0x00000000c10f6878,0x00000000d6180000)
 Metaspace       used 35099K, capacity 35388K, committed 35496K, reserved 1079296K
  class space    used 6182K, capacity 6268K, committed 6312K, reserved 1048576K
}

